<?xml version="1.0" encoding="UTF-8"?>
<testng-results skipped="0" failed="0" ignored="0" total="1" passed="1">
  <reporter-output>
  </reporter-output>
  <suite name="PageVlidations.AppTest" duration-ms="208154" started-at="2019-11-11T06:29:34Z" finished-at="2019-11-11T06:33:02Z">
    <groups>
    </groups>
    <test name="Command line test" duration-ms="208154" started-at="2019-11-11T06:29:34Z" finished-at="2019-11-11T06:33:02Z">
      <class name="PageVlidations.AppTest">
        <test-method status="PASS" signature="opeN()[pri:0, instance:PageVlidations.AppTest@32d992b2]" name="opeN" is-config="true" duration-ms="24104" started-at="2019-11-11T06:29:34Z" finished-at="2019-11-11T06:29:58Z">
          <reporter-output>
          </reporter-output>
        </test-method> <!-- opeN -->
        <test-method status="PASS" signature="verifyEmpReg()[pri:0, instance:PageVlidations.AppTest@32d992b2]" name="verifyEmpReg" duration-ms="182330" started-at="2019-11-11T06:29:58Z" finished-at="2019-11-11T06:33:01Z">
          <reporter-output>
          </reporter-output>
        </test-method> <!-- verifyEmpReg -->
        <test-method status="PASS" signature="closE()[pri:0, instance:PageVlidations.AppTest@32d992b2]" name="closE" is-config="true" duration-ms="1217" started-at="2019-11-11T06:33:01Z" finished-at="2019-11-11T06:33:02Z">
          <reporter-output>
          </reporter-output>
        </test-method> <!-- closE -->
      </class> <!-- PageVlidations.AppTest -->
    </test> <!-- Command line test -->
  </suite> <!-- PageVlidations.AppTest -->
</testng-results>
