<?xml version="1.0" encoding="UTF-8"?>
<testng-results skipped="0" failed="0" ignored="0" total="1" passed="1">
  <reporter-output>
  </reporter-output>
  <suite name="Default suite" duration-ms="47244" started-at="2019-12-30T12:23:01Z" finished-at="2019-12-30T12:23:48Z">
    <groups>
    </groups>
    <test name="Default test" duration-ms="47244" started-at="2019-12-30T12:23:01Z" finished-at="2019-12-30T12:23:48Z">
      <class name="PageVlidations.TestDemo">
        <test-method status="PASS" signature="test1()[pri:0, instance:PageVlidations.TestDemo@43738a82]" name="test1" duration-ms="46963" started-at="2019-12-30T12:23:01Z" finished-at="2019-12-30T12:23:48Z">
          <reporter-output>
          </reporter-output>
        </test-method> <!-- test1 -->
      </class> <!-- PageVlidations.TestDemo -->
    </test> <!-- Default test -->
  </suite> <!-- Default suite -->
</testng-results>
