<?xml version="1.0" encoding="UTF-8"?>
<!-- Generated by org.testng.reporters.JUnitXMLReporter -->
<testsuite hostname="ramsunkara" ignored="0" name="PrimusBank" tests="6" failures="0" timestamp="24 Nov 2019 06:49:27 GMT" time="84.902" errors="0">
  <testcase name="test2" time="11.092" classname="PageVlidations.PrimusTest"/>
  <testcase name="test2" time="9.623" classname="PageVlidations.PrimusTest"/>
  <testcase name="test1" time="21.036" classname="PageVlidations.OrangeTest"/>
  <testcase name="test2" time="24.041" classname="PageVlidations.PrimusTest"/>
  <testcase name="test1" time="33.144" classname="PageVlidations.OrangeTest"/>
  <testcase name="test1" time="29.632" classname="PageVlidations.OrangeTest"/>
</testsuite> <!-- PrimusBank -->
